[PlatformIO CI/CD/Verificación de Dependencias PlatformIO ] [DEBUG] evaluating expression 'success()'
[PlatformIO CI/CD/Verificación de Dependencias PlatformIO ] [DEBUG] expression 'success()' evaluated to 'true'
[PlatformIO CI/CD/Verificación de Dependencias PlatformIO ] ⭐ Run Set up job
[PlatformIO CI/CD/Verificación de Dependencias PlatformIO ] 🚀  Start image=catthehacker/ubuntu:act-latest
[PlatformIO CI/CD/Verificación de Dependencias PlatformIO ]   🐳  docker pull image=catthehacker/ubuntu:act-latest platform= username= forcePull=true
[PlatformIO CI/CD/Verificación de Dependencias PlatformIO ] [DEBUG]   🐳  docker pull catthehacker/ubuntu:act-latest
[PlatformIO CI/CD/Verificación de Dependencias PlatformIO ] [DEBUG] pulling image 'docker.io/catthehacker/ubuntu:act-latest' ()
[PlatformIO CI/CD/Verificación de Dependencias PlatformIO ] [DEBUG] Pulling from catthehacker/ubuntu :: act-latest
[PlatformIO CI/CD/Verificación de Dependencias PlatformIO ] [DEBUG] Digest: sha256:89367f3c5437699c6b43fa941041725bcc77682a46f2bbe6557541e384d9cedb :: 
[PlatformIO CI/CD/Verificación de Dependencias PlatformIO ] [DEBUG] Status: Image is up to date for catthehacker/ubuntu:act-latest :: 
[PlatformIO CI/CD/Verificación de Dependencias PlatformIO ]   🐳  docker create image=catthehacker/ubuntu:act-latest platform= entrypoint=["tail" "-f" "/dev/null"] cmd=[] network="host"
[PlatformIO CI/CD/Verificación de Dependencias PlatformIO ] [DEBUG] Common container.Config ==> &{Hostname: Domainname: User: AttachStdin:false AttachStdout:false AttachStderr:false ExposedPorts:map[] Tty:false OpenStdin:false StdinOnce:false Env:[RUNNER_TOOL_CACHE=/opt/hostedtoolcache RUNNER_OS=Linux RUNNER_ARCH=X64 RUNNER_TEMP=/tmp LANG=C.UTF-8] Cmd:[] Healthcheck:<nil> ArgsEscaped:false Image:catthehacker/ubuntu:act-latest Volumes:map[] WorkingDir:/home/iot/Desktop/TESIS/MQTT/mqtt-dht22 Entrypoint:[] NetworkDisabled:false MacAddress: OnBuild:[] Labels:map[] StopSignal: StopTimeout:<nil> Shell:[]}
[PlatformIO CI/CD/Verificación de Dependencias PlatformIO ] [DEBUG] Common container.HostConfig ==> &{Binds:[/var/run/docker.sock:/var/run/docker.sock] ContainerIDFile: LogConfig:{Type: Config:map[]} NetworkMode:host PortBindings:map[] RestartPolicy:{Name: MaximumRetryCount:0} AutoRemove:false VolumeDriver: VolumesFrom:[] ConsoleSize:[0 0] Annotations:map[] CapAdd:[] CapDrop:[] CgroupnsMode: DNS:[] DNSOptions:[] DNSSearch:[] ExtraHosts:[] GroupAdd:[] IpcMode: Cgroup: Links:[] OomScoreAdj:0 PidMode: Privileged:false PublishAllPorts:false ReadonlyRootfs:false SecurityOpt:[] StorageOpt:map[] Tmpfs:map[] UTSMode: UsernsMode: ShmSize:0 Sysctls:map[] Runtime: Isolation: Resources:{CPUShares:0 Memory:0 NanoCPUs:0 CgroupParent: BlkioWeight:0 BlkioWeightDevice:[] BlkioDeviceReadBps:[] BlkioDeviceWriteBps:[] BlkioDeviceReadIOps:[] BlkioDeviceWriteIOps:[] CPUPeriod:0 CPUQuota:0 CPURealtimePeriod:0 CPURealtimeRuntime:0 CpusetCpus: CpusetMems: Devices:[] DeviceCgroupRules:[] DeviceRequests:[] KernelMemory:0 KernelMemoryTCP:0 MemoryReservation:0 MemorySwap:0 MemorySwappiness:<nil> OomKillDisable:<nil> PidsLimit:<nil> Ulimits:[] CPUCount:0 CPUPercent:0 IOMaximumIOps:0 IOMaximumBandwidth:0} Mounts:[{Type:volume Source:act-toolcache Target:/opt/hostedtoolcache ReadOnly:false Consistency: BindOptions:<nil> VolumeOptions:<nil> TmpfsOptions:<nil> ClusterOptions:<nil>} {Type:volume Source:act-PlatformIO-CI-CD-Verificaci-n-de-Dependencias-PlatformIO-c636357ae8d9d740aaedd80032cdc7f9353e00a00ba818d0ffd5e0aac7c4dd17-env Target:/var/run/act ReadOnly:false Consistency: BindOptions:<nil> VolumeOptions:<nil> TmpfsOptions:<nil> ClusterOptions:<nil>} {Type:volume Source:act-PlatformIO-CI-CD-Verificaci-n-de-Dependencias-PlatformIO-c636357ae8d9d740aaedd80032cdc7f9353e00a00ba818d0ffd5e0aac7c4dd17 Target:/home/iot/Desktop/TESIS/MQTT/mqtt-dht22 ReadOnly:false Consistency: BindOptions:<nil> VolumeOptions:<nil> TmpfsOptions:<nil> ClusterOptions:<nil>}] MaskedPaths:[] ReadonlyPaths:[] Init:<nil>}
[PlatformIO CI/CD/Verificación de Dependencias PlatformIO ] [DEBUG] input.NetworkAliases ==> [Verificación de Dependencias PlatformIO]
[PlatformIO CI/CD/Verificación de Dependencias PlatformIO ] [DEBUG] Created container name=act-PlatformIO-CI-CD-Verificaci-n-de-Dependencias-PlatformIO-c636357ae8d9d740aaedd80032cdc7f9353e00a00ba818d0ffd5e0aac7c4dd17 id=d8da805a9680de4f63e8fff3d9f14b99069d78d9c66030aa4b941ce7046b9b6f from image catthehacker/ubuntu:act-latest (platform: )
[PlatformIO CI/CD/Verificación de Dependencias PlatformIO ] [DEBUG] ENV ==> [RUNNER_TOOL_CACHE=/opt/hostedtoolcache RUNNER_OS=Linux RUNNER_ARCH=X64 RUNNER_TEMP=/tmp LANG=C.UTF-8]
[PlatformIO CI/CD/Verificación de Dependencias PlatformIO ]   🐳  docker run image=catthehacker/ubuntu:act-latest platform= entrypoint=["tail" "-f" "/dev/null"] cmd=[] network="host"
[PlatformIO CI/CD/Verificación de Dependencias PlatformIO ] [DEBUG] Starting container: d8da805a9680de4f63e8fff3d9f14b99069d78d9c66030aa4b941ce7046b9b6f
[PlatformIO CI/CD/Verificación de Dependencias PlatformIO ] [DEBUG] Started container: d8da805a9680de4f63e8fff3d9f14b99069d78d9c66030aa4b941ce7046b9b6f
[PlatformIO CI/CD/Verificación de Dependencias PlatformIO ] [DEBUG] Writing entry to tarball workflow/event.json len:2
[PlatformIO CI/CD/Verificación de Dependencias PlatformIO ] [DEBUG] Writing entry to tarball workflow/envs.txt len:0
[PlatformIO CI/CD/Verificación de Dependencias PlatformIO ] [DEBUG] Extracting content to '/var/run/act/'
[PlatformIO CI/CD/Verificación de Dependencias PlatformIO ]   🐳  docker exec cmd=[node --no-warnings -e console.log(process.execPath)] user= workdir=
[PlatformIO CI/CD/Verificación de Dependencias PlatformIO ] [DEBUG] Exec command '[node --no-warnings -e console.log(process.execPath)]'
[PlatformIO CI/CD/Verificación de Dependencias PlatformIO ] [DEBUG] Working directory '/home/iot/Desktop/TESIS/MQTT/mqtt-dht22'
[PlatformIO CI/CD/Verificación de Dependencias PlatformIO ]   ✅  Success - Set up job
[PlatformIO CI/CD/Verificación de Dependencias PlatformIO ] [DEBUG] Loading revision from git directory
[PlatformIO CI/CD/Verificación de Dependencias PlatformIO ] [DEBUG] Found revision: cd06d2466a03664b3071264aee8cd763795d4512
[PlatformIO CI/CD/Verificación de Dependencias PlatformIO ] [DEBUG] HEAD points to 'cd06d2466a03664b3071264aee8cd763795d4512'
[PlatformIO CI/CD/Verificación de Dependencias PlatformIO ] [DEBUG] using github ref: refs/heads/ms
[PlatformIO CI/CD/Verificación de Dependencias PlatformIO ] [DEBUG] Found revision: cd06d2466a03664b3071264aee8cd763795d4512
[PlatformIO CI/CD/Verificación de Dependencias PlatformIO ] [DEBUG] Loading revision from git directory
[PlatformIO CI/CD/Verificación de Dependencias PlatformIO ] [DEBUG] Found revision: cd06d2466a03664b3071264aee8cd763795d4512
[PlatformIO CI/CD/Verificación de Dependencias PlatformIO ] [DEBUG] HEAD points to 'cd06d2466a03664b3071264aee8cd763795d4512'
[PlatformIO CI/CD/Verificación de Dependencias PlatformIO ] [DEBUG] using github ref: refs/heads/ms
[PlatformIO CI/CD/Verificación de Dependencias PlatformIO ] [DEBUG] Found revision: cd06d2466a03664b3071264aee8cd763795d4512
[PlatformIO CI/CD/Verificación de Dependencias PlatformIO ] [DEBUG] Skipping local actions/checkout because workdir was already copied
[PlatformIO CI/CD/Verificación de Dependencias PlatformIO ] [DEBUG] skip pre step for 'Clonar repositorio': no action model available
[PlatformIO CI/CD/Verificación de Dependencias PlatformIO ] [DEBUG] Loading revision from git directory
[PlatformIO CI/CD/Verificación de Dependencias PlatformIO ] [DEBUG] Found revision: cd06d2466a03664b3071264aee8cd763795d4512
[PlatformIO CI/CD/Verificación de Dependencias PlatformIO ] [DEBUG] HEAD points to 'cd06d2466a03664b3071264aee8cd763795d4512'
[PlatformIO CI/CD/Verificación de Dependencias PlatformIO ] [DEBUG] using github ref: refs/heads/ms
[PlatformIO CI/CD/Verificación de Dependencias PlatformIO ] [DEBUG] Found revision: cd06d2466a03664b3071264aee8cd763795d4512
[PlatformIO CI/CD/Verificación de Dependencias PlatformIO ]   ☁  git clone 'https://github.com/actions/setup-python' # ref=v4
[PlatformIO CI/CD/Verificación de Dependencias PlatformIO ] [DEBUG]   cloning https://github.com/actions/setup-python to /root/.cache/act/actions-setup-python@v4
[PlatformIO CI/CD/Verificación de Dependencias PlatformIO ] [DEBUG] Unable to pull refs/heads/v4: worktree contains unstaged changes
[PlatformIO CI/CD/Verificación de Dependencias PlatformIO ] [DEBUG] Cloned https://github.com/actions/setup-python to /root/.cache/act/actions-setup-python@v4
[PlatformIO CI/CD/Verificación de Dependencias PlatformIO ] [DEBUG] Checked out v4
[PlatformIO CI/CD/Verificación de Dependencias PlatformIO ] [DEBUG] Read action &{Setup Python GitHub Set up a specific version of Python and add the command-line tools to the PATH. map[allow-prereleases:{When 'true', a version range passed to 'python-version' input will match prerelease versions if no GA versions are found. Only 'x.y' version range is supported for CPython. false false} architecture:{The target architecture (x86, x64) of the Python or PyPy interpreter. false } cache:{Used to specify a package manager for caching in the default directory. Supported values: pip, pipenv, poetry. false } cache-dependency-path:{Used to specify the path to dependency files. Supports wildcards or a list of file names for caching multiple dependencies. false } check-latest:{Set this option if you want the action to check for the latest available version that satisfies the version spec. false false} python-version:{Version range or exact version of Python or PyPy to use, using SemVer's version range syntax. Reads from .python-version if unset. false } python-version-file:{File containing the Python version to use. Example: .python-version false } token:{The token used to authenticate when fetching Python distributions from https://github.com/actions/python-versions. When running this action on github.com, the default value is sufficient. When running on GHES, you can pass a personal access token for github.com if you are experiencing rate limiting. false ${{ github.server_url == 'https://github.com' && github.token || '' }}} update-environment:{Set this option if you want the action to update environment variables. false true}] map[cache-hit:{A boolean value to indicate a cache entry was found } python-path:{The absolute path to the Python or PyPy executable. } python-version:{The installed Python or PyPy version. Useful when given a version range as input. }] {node16 map[] dist/setup/index.js  always() dist/cache-save/index.js success()     [] []} {yellow code}} from 'Unknown'
[PlatformIO CI/CD/Verificación de Dependencias PlatformIO ] [DEBUG] Loading revision from git directory
[PlatformIO CI/CD/Verificación de Dependencias PlatformIO ] [DEBUG] Found revision: cd06d2466a03664b3071264aee8cd763795d4512
[PlatformIO CI/CD/Verificación de Dependencias PlatformIO ] [DEBUG] HEAD points to 'cd06d2466a03664b3071264aee8cd763795d4512'
[PlatformIO CI/CD/Verificación de Dependencias PlatformIO ] [DEBUG] using github ref: refs/heads/ms
[PlatformIO CI/CD/Verificación de Dependencias PlatformIO ] [DEBUG] Found revision: cd06d2466a03664b3071264aee8cd763795d4512
[PlatformIO CI/CD/Verificación de Dependencias PlatformIO ] [DEBUG] Skipping local actions/checkout because workdir was already copied
[PlatformIO CI/CD/Verificación de Dependencias PlatformIO ] [DEBUG] Loading revision from git directory
[PlatformIO CI/CD/Verificación de Dependencias PlatformIO ] [DEBUG] Found revision: cd06d2466a03664b3071264aee8cd763795d4512
[PlatformIO CI/CD/Verificación de Dependencias PlatformIO ] [DEBUG] HEAD points to 'cd06d2466a03664b3071264aee8cd763795d4512'
[PlatformIO CI/CD/Verificación de Dependencias PlatformIO ] [DEBUG] using github ref: refs/heads/ms
[PlatformIO CI/CD/Verificación de Dependencias PlatformIO ] [DEBUG] Found revision: cd06d2466a03664b3071264aee8cd763795d4512
[PlatformIO CI/CD/Verificación de Dependencias PlatformIO ] [DEBUG] Loading revision from git directory
[PlatformIO CI/CD/Verificación de Dependencias PlatformIO ] [DEBUG] Found revision: cd06d2466a03664b3071264aee8cd763795d4512
[PlatformIO CI/CD/Verificación de Dependencias PlatformIO ] [DEBUG] HEAD points to 'cd06d2466a03664b3071264aee8cd763795d4512'
[PlatformIO CI/CD/Verificación de Dependencias PlatformIO ] [DEBUG] using github ref: refs/heads/ms
[PlatformIO CI/CD/Verificación de Dependencias PlatformIO ] [DEBUG] Found revision: cd06d2466a03664b3071264aee8cd763795d4512
[PlatformIO CI/CD/Verificación de Dependencias PlatformIO ] [DEBUG] Loading revision from git directory
[PlatformIO CI/CD/Verificación de Dependencias PlatformIO ] [DEBUG] Found revision: cd06d2466a03664b3071264aee8cd763795d4512
[PlatformIO CI/CD/Verificación de Dependencias PlatformIO ] [DEBUG] HEAD points to 'cd06d2466a03664b3071264aee8cd763795d4512'
[PlatformIO CI/CD/Verificación de Dependencias PlatformIO ] [DEBUG] using github ref: refs/heads/ms
[PlatformIO CI/CD/Verificación de Dependencias PlatformIO ] [DEBUG] Found revision: cd06d2466a03664b3071264aee8cd763795d4512
[PlatformIO CI/CD/Verificación de Dependencias PlatformIO ] [DEBUG] setupEnv => map[ACT:true ACTIONS_CACHE_URL:http://192.168.1.33:46437/ CI:true GITHUB_ACTION:0 GITHUB_ACTIONS:true GITHUB_ACTION_PATH: GITHUB_ACTION_REF:v4 GITHUB_ACTION_REPOSITORY:actions/checkout GITHUB_ACTOR:nektos/act GITHUB_API_URL:https://api.github.com GITHUB_BASE_REF: GITHUB_EVENT_NAME:push GITHUB_EVENT_PATH:/var/run/act/workflow/event.json GITHUB_GRAPHQL_URL:https://api.github.com/graphql GITHUB_HEAD_REF: GITHUB_JOB:check-dependencies GITHUB_REF:refs/heads/ms GITHUB_REF_NAME:ms GITHUB_REF_TYPE:branch GITHUB_REPOSITORY:hub-of-things/mqtt-dht22 GITHUB_REPOSITORY_OWNER:hub-of-things GITHUB_RETENTION_DAYS:0 GITHUB_RUN_ATTEMPT:1 GITHUB_RUN_ID:1 GITHUB_RUN_NUMBER:1 GITHUB_SERVER_URL:https://github.com GITHUB_SHA:cd06d2466a03664b3071264aee8cd763795d4512 GITHUB_WORKFLOW:PlatformIO CI/CD GITHUB_WORKSPACE:/home/iot/Desktop/TESIS/MQTT/mqtt-dht22 ImageOS:ubuntu20 RUNNER_PERFLOG:/dev/null RUNNER_TRACKING_ID:]
[PlatformIO CI/CD/Verificación de Dependencias PlatformIO ] [DEBUG] Loading revision from git directory
[PlatformIO CI/CD/Verificación de Dependencias PlatformIO ] [DEBUG] Found revision: cd06d2466a03664b3071264aee8cd763795d4512
[PlatformIO CI/CD/Verificación de Dependencias PlatformIO ] [DEBUG] HEAD points to 'cd06d2466a03664b3071264aee8cd763795d4512'
[PlatformIO CI/CD/Verificación de Dependencias PlatformIO ] [DEBUG] using github ref: refs/heads/ms
[PlatformIO CI/CD/Verificación de Dependencias PlatformIO ] [DEBUG] Found revision: cd06d2466a03664b3071264aee8cd763795d4512
[PlatformIO CI/CD/Verificación de Dependencias PlatformIO ] [DEBUG] Loading revision from git directory
[PlatformIO CI/CD/Verificación de Dependencias PlatformIO ] [DEBUG] Found revision: cd06d2466a03664b3071264aee8cd763795d4512
[PlatformIO CI/CD/Verificación de Dependencias PlatformIO ] [DEBUG] HEAD points to 'cd06d2466a03664b3071264aee8cd763795d4512'
[PlatformIO CI/CD/Verificación de Dependencias PlatformIO ] [DEBUG] using github ref: refs/heads/ms
[PlatformIO CI/CD/Verificación de Dependencias PlatformIO ] [DEBUG] Found revision: cd06d2466a03664b3071264aee8cd763795d4512
[PlatformIO CI/CD/Verificación de Dependencias PlatformIO ] [DEBUG] evaluating expression ''
[PlatformIO CI/CD/Verificación de Dependencias PlatformIO ] [DEBUG] expression '' evaluated to 'true'
[PlatformIO CI/CD/Verificación de Dependencias PlatformIO ] ⭐ Run Main Clonar repositorio
[PlatformIO CI/CD/Verificación de Dependencias PlatformIO ] [DEBUG] Writing entry to tarball workflow/outputcmd.txt len:0
[PlatformIO CI/CD/Verificación de Dependencias PlatformIO ] [DEBUG] Writing entry to tarball workflow/statecmd.txt len:0
[PlatformIO CI/CD/Verificación de Dependencias PlatformIO ] [DEBUG] Writing entry to tarball workflow/pathcmd.txt len:0
[PlatformIO CI/CD/Verificación de Dependencias PlatformIO ] [DEBUG] Writing entry to tarball workflow/envs.txt len:0
[PlatformIO CI/CD/Verificación de Dependencias PlatformIO ] [DEBUG] Writing entry to tarball workflow/SUMMARY.md len:0
[PlatformIO CI/CD/Verificación de Dependencias PlatformIO ] [DEBUG] Extracting content to '/var/run/act'
[PlatformIO CI/CD/Verificación de Dependencias PlatformIO ] [DEBUG] Loading revision from git directory
[PlatformIO CI/CD/Verificación de Dependencias PlatformIO ] [DEBUG] Found revision: cd06d2466a03664b3071264aee8cd763795d4512
[PlatformIO CI/CD/Verificación de Dependencias PlatformIO ] [DEBUG] HEAD points to 'cd06d2466a03664b3071264aee8cd763795d4512'
[PlatformIO CI/CD/Verificación de Dependencias PlatformIO ] [DEBUG] using github ref: refs/heads/ms
[PlatformIO CI/CD/Verificación de Dependencias PlatformIO ] [DEBUG] Found revision: cd06d2466a03664b3071264aee8cd763795d4512
[PlatformIO CI/CD/Verificación de Dependencias PlatformIO ] [DEBUG] Loading revision from git directory
[PlatformIO CI/CD/Verificación de Dependencias PlatformIO ] [DEBUG] Found revision: cd06d2466a03664b3071264aee8cd763795d4512
[PlatformIO CI/CD/Verificación de Dependencias PlatformIO ] [DEBUG] HEAD points to 'cd06d2466a03664b3071264aee8cd763795d4512'
[PlatformIO CI/CD/Verificación de Dependencias PlatformIO ] [DEBUG] using github ref: refs/heads/ms
[PlatformIO CI/CD/Verificación de Dependencias PlatformIO ] [DEBUG] Found revision: cd06d2466a03664b3071264aee8cd763795d4512
[PlatformIO CI/CD/Verificación de Dependencias PlatformIO ]   🐳  docker cp src=/home/iot/Desktop/TESIS/MQTT/mqtt-dht22/. dst=/home/iot/Desktop/TESIS/MQTT/mqtt-dht22
[PlatformIO CI/CD/Verificación de Dependencias PlatformIO ] [DEBUG] Writing tarball /tmp/act1931966367 from /home/iot/Desktop/TESIS/MQTT/mqtt-dht22/.
[PlatformIO CI/CD/Verificación de Dependencias PlatformIO ] [DEBUG] Stripping prefix:/home/iot/Desktop/TESIS/MQTT/mqtt-dht22/ src:/home/iot/Desktop/TESIS/MQTT/mqtt-dht22/.
[PlatformIO CI/CD/Verificación de Dependencias PlatformIO ] [DEBUG] Extracting content from '/tmp/act1931966367' to '/home/iot/Desktop/TESIS/MQTT/mqtt-dht22'
[PlatformIO CI/CD/Verificación de Dependencias PlatformIO ]   ✅  Success - Main Clonar repositorio
[PlatformIO CI/CD/Verificación de Dependencias PlatformIO ] [DEBUG] Loading revision from git directory
[PlatformIO CI/CD/Verificación de Dependencias PlatformIO ] [DEBUG] Found revision: cd06d2466a03664b3071264aee8cd763795d4512
[PlatformIO CI/CD/Verificación de Dependencias PlatformIO ] [DEBUG] HEAD points to 'cd06d2466a03664b3071264aee8cd763795d4512'
[PlatformIO CI/CD/Verificación de Dependencias PlatformIO ] [DEBUG] using github ref: refs/heads/ms
[PlatformIO CI/CD/Verificación de Dependencias PlatformIO ] [DEBUG] Found revision: cd06d2466a03664b3071264aee8cd763795d4512
[PlatformIO CI/CD/Verificación de Dependencias PlatformIO ] [DEBUG] Loading revision from git directory
[PlatformIO CI/CD/Verificación de Dependencias PlatformIO ] [DEBUG] Found revision: cd06d2466a03664b3071264aee8cd763795d4512
[PlatformIO CI/CD/Verificación de Dependencias PlatformIO ] [DEBUG] HEAD points to 'cd06d2466a03664b3071264aee8cd763795d4512'
[PlatformIO CI/CD/Verificación de Dependencias PlatformIO ] [DEBUG] using github ref: refs/heads/ms
[PlatformIO CI/CD/Verificación de Dependencias PlatformIO ] [DEBUG] Found revision: cd06d2466a03664b3071264aee8cd763795d4512
[PlatformIO CI/CD/Verificación de Dependencias PlatformIO ] [DEBUG] Loading revision from git directory
[PlatformIO CI/CD/Verificación de Dependencias PlatformIO ] [DEBUG] Found revision: cd06d2466a03664b3071264aee8cd763795d4512
[PlatformIO CI/CD/Verificación de Dependencias PlatformIO ] [DEBUG] HEAD points to 'cd06d2466a03664b3071264aee8cd763795d4512'
[PlatformIO CI/CD/Verificación de Dependencias PlatformIO ] [DEBUG] using github ref: refs/heads/ms
[PlatformIO CI/CD/Verificación de Dependencias PlatformIO ] [DEBUG] Found revision: cd06d2466a03664b3071264aee8cd763795d4512
[PlatformIO CI/CD/Verificación de Dependencias PlatformIO ] [DEBUG] setupEnv => map[ACT:true ACTIONS_CACHE_URL:http://192.168.1.33:46437/ CI:true GITHUB_ACTION:1 GITHUB_ACTIONS:true GITHUB_ACTION_PATH: GITHUB_ACTION_REF:v4 GITHUB_ACTION_REPOSITORY:actions/setup-python GITHUB_ACTOR:nektos/act GITHUB_API_URL:https://api.github.com GITHUB_BASE_REF: GITHUB_EVENT_NAME:push GITHUB_EVENT_PATH:/var/run/act/workflow/event.json GITHUB_GRAPHQL_URL:https://api.github.com/graphql GITHUB_HEAD_REF: GITHUB_JOB:check-dependencies GITHUB_REF:refs/heads/ms GITHUB_REF_NAME:ms GITHUB_REF_TYPE:branch GITHUB_REPOSITORY:hub-of-things/mqtt-dht22 GITHUB_REPOSITORY_OWNER:hub-of-things GITHUB_RETENTION_DAYS:0 GITHUB_RUN_ATTEMPT:1 GITHUB_RUN_ID:1 GITHUB_RUN_NUMBER:1 GITHUB_SERVER_URL:https://github.com GITHUB_SHA:cd06d2466a03664b3071264aee8cd763795d4512 GITHUB_WORKFLOW:PlatformIO CI/CD GITHUB_WORKSPACE:/home/iot/Desktop/TESIS/MQTT/mqtt-dht22 INPUT_ARCHITECTURE:x64 INPUT_PYTHON-VERSION:3.x ImageOS:ubuntu20 RUNNER_PERFLOG:/dev/null RUNNER_TRACKING_ID:]
[PlatformIO CI/CD/Verificación de Dependencias PlatformIO ] [DEBUG] Loading revision from git directory
[PlatformIO CI/CD/Verificación de Dependencias PlatformIO ] [DEBUG] Found revision: cd06d2466a03664b3071264aee8cd763795d4512
[PlatformIO CI/CD/Verificación de Dependencias PlatformIO ] [DEBUG] HEAD points to 'cd06d2466a03664b3071264aee8cd763795d4512'
[PlatformIO CI/CD/Verificación de Dependencias PlatformIO ] [DEBUG] using github ref: refs/heads/ms
[PlatformIO CI/CD/Verificación de Dependencias PlatformIO ] [DEBUG] Found revision: cd06d2466a03664b3071264aee8cd763795d4512
[PlatformIO CI/CD/Verificación de Dependencias PlatformIO ] [DEBUG] Loading revision from git directory
[PlatformIO CI/CD/Verificación de Dependencias PlatformIO ] [DEBUG] Found revision: cd06d2466a03664b3071264aee8cd763795d4512
[PlatformIO CI/CD/Verificación de Dependencias PlatformIO ] [DEBUG] HEAD points to 'cd06d2466a03664b3071264aee8cd763795d4512'
[PlatformIO CI/CD/Verificación de Dependencias PlatformIO ] [DEBUG] using github ref: refs/heads/ms
[PlatformIO CI/CD/Verificación de Dependencias PlatformIO ] [DEBUG] Found revision: cd06d2466a03664b3071264aee8cd763795d4512
[PlatformIO CI/CD/Verificación de Dependencias PlatformIO ] [DEBUG] evaluating expression ''
[PlatformIO CI/CD/Verificación de Dependencias PlatformIO ] [DEBUG] expression '' evaluated to 'true'
[PlatformIO CI/CD/Verificación de Dependencias PlatformIO ] ⭐ Run Main Configurar Python
[PlatformIO CI/CD/Verificación de Dependencias PlatformIO ] [DEBUG] Writing entry to tarball workflow/outputcmd.txt len:0
[PlatformIO CI/CD/Verificación de Dependencias PlatformIO ] [DEBUG] Writing entry to tarball workflow/statecmd.txt len:0
[PlatformIO CI/CD/Verificación de Dependencias PlatformIO ] [DEBUG] Writing entry to tarball workflow/pathcmd.txt len:0
[PlatformIO CI/CD/Verificación de Dependencias PlatformIO ] [DEBUG] Writing entry to tarball workflow/envs.txt len:0
[PlatformIO CI/CD/Verificación de Dependencias PlatformIO ] [DEBUG] Writing entry to tarball workflow/SUMMARY.md len:0
[PlatformIO CI/CD/Verificación de Dependencias PlatformIO ] [DEBUG] Extracting content to '/var/run/act'
[PlatformIO CI/CD/Verificación de Dependencias PlatformIO ] [DEBUG] Loading revision from git directory
[PlatformIO CI/CD/Verificación de Dependencias PlatformIO ] [DEBUG] Found revision: cd06d2466a03664b3071264aee8cd763795d4512
[PlatformIO CI/CD/Verificación de Dependencias PlatformIO ] [DEBUG] HEAD points to 'cd06d2466a03664b3071264aee8cd763795d4512'
[PlatformIO CI/CD/Verificación de Dependencias PlatformIO ] [DEBUG] using github ref: refs/heads/ms
[PlatformIO CI/CD/Verificación de Dependencias PlatformIO ] [DEBUG] Found revision: cd06d2466a03664b3071264aee8cd763795d4512
[PlatformIO CI/CD/Verificación de Dependencias PlatformIO ] [DEBUG] About to run action &{Setup Python GitHub Set up a specific version of Python and add the command-line tools to the PATH. map[allow-prereleases:{When 'true', a version range passed to 'python-version' input will match prerelease versions if no GA versions are found. Only 'x.y' version range is supported for CPython. false false} architecture:{The target architecture (x86, x64) of the Python or PyPy interpreter. false } cache:{Used to specify a package manager for caching in the default directory. Supported values: pip, pipenv, poetry. false } cache-dependency-path:{Used to specify the path to dependency files. Supports wildcards or a list of file names for caching multiple dependencies. false } check-latest:{Set this option if you want the action to check for the latest available version that satisfies the version spec. false false} python-version:{Version range or exact version of Python or PyPy to use, using SemVer's version range syntax. Reads from .python-version if unset. false } python-version-file:{File containing the Python version to use. Example: .python-version false } token:{The token used to authenticate when fetching Python distributions from https://github.com/actions/python-versions. When running this action on github.com, the default value is sufficient. When running on GHES, you can pass a personal access token for github.com if you are experiencing rate limiting. false ${{ github.server_url == 'https://github.com' && github.token || '' }}} update-environment:{Set this option if you want the action to update environment variables. false true}] map[cache-hit:{A boolean value to indicate a cache entry was found } python-path:{The absolute path to the Python or PyPy executable. } python-version:{The installed Python or PyPy version. Useful when given a version range as input. }] {node16 map[] dist/setup/index.js  always() dist/cache-save/index.js success()     [] []} {yellow code}}
[PlatformIO CI/CD/Verificación de Dependencias PlatformIO ] [DEBUG] Loading revision from git directory
[PlatformIO CI/CD/Verificación de Dependencias PlatformIO ] [DEBUG] Found revision: cd06d2466a03664b3071264aee8cd763795d4512
[PlatformIO CI/CD/Verificación de Dependencias PlatformIO ] [DEBUG] HEAD points to 'cd06d2466a03664b3071264aee8cd763795d4512'
[PlatformIO CI/CD/Verificación de Dependencias PlatformIO ] [DEBUG] using github ref: refs/heads/ms
[PlatformIO CI/CD/Verificación de Dependencias PlatformIO ] [DEBUG] Found revision: cd06d2466a03664b3071264aee8cd763795d4512
[PlatformIO CI/CD/Verificación de Dependencias PlatformIO ] [DEBUG] Loading revision from git directory
[PlatformIO CI/CD/Verificación de Dependencias PlatformIO ] [DEBUG] Found revision: cd06d2466a03664b3071264aee8cd763795d4512
[PlatformIO CI/CD/Verificación de Dependencias PlatformIO ] [DEBUG] HEAD points to 'cd06d2466a03664b3071264aee8cd763795d4512'
[PlatformIO CI/CD/Verificación de Dependencias PlatformIO ] [DEBUG] using github ref: refs/heads/ms
[PlatformIO CI/CD/Verificación de Dependencias PlatformIO ] [DEBUG] Found revision: cd06d2466a03664b3071264aee8cd763795d4512
[PlatformIO CI/CD/Verificación de Dependencias PlatformIO ] [DEBUG] expression '${{ github.server_url == 'https://github.com' && github.token || '' }}' rewritten to 'format('{0}', github.server_url == 'https://github.com' && github.token || '')'
[PlatformIO CI/CD/Verificación de Dependencias PlatformIO ] [DEBUG] evaluating expression 'format('{0}', github.server_url == 'https://github.com' && github.token || '')'
[PlatformIO CI/CD/Verificación de Dependencias PlatformIO ] [DEBUG] expression 'format('{0}', github.server_url == 'https://github.com' && github.token || '')' evaluated to '%!t(string=)'
[PlatformIO CI/CD/Verificación de Dependencias PlatformIO ] [DEBUG] type=remote-action actionDir=/root/.cache/act/actions-setup-python@v4 actionPath= workdir=/home/iot/Desktop/TESIS/MQTT/mqtt-dht22 actionCacheDir=/root/.cache/act actionName=actions-setup-python@v4 containerActionDir=/var/run/act/actions/actions-setup-python@v4
[PlatformIO CI/CD/Verificación de Dependencias PlatformIO ] [DEBUG] /var/run/act/actions/actions-setup-python@v4
[PlatformIO CI/CD/Verificación de Dependencias PlatformIO ] [DEBUG] Removing /root/.cache/act/actions-setup-python@v4/.gitignore before docker cp
[PlatformIO CI/CD/Verificación de Dependencias PlatformIO ]   🐳  docker cp src=/root/.cache/act/actions-setup-python@v4/ dst=/var/run/act/actions/actions-setup-python@v4/
[PlatformIO CI/CD/Verificación de Dependencias PlatformIO ] [DEBUG] Writing tarball /tmp/act1990478850 from /root/.cache/act/actions-setup-python@v4/
[PlatformIO CI/CD/Verificación de Dependencias PlatformIO ] [DEBUG] Stripping prefix:/root/.cache/act/actions-setup-python@v4/ src:/root/.cache/act/actions-setup-python@v4/
[PlatformIO CI/CD/Verificación de Dependencias PlatformIO ] [DEBUG] Extracting content from '/tmp/act1990478850' to '/var/run/act/actions/actions-setup-python@v4/'
[PlatformIO CI/CD/Verificación de Dependencias PlatformIO ] [DEBUG] executing remote job container: [/opt/acttoolcache/node/18.20.5/x64/bin/node /var/run/act/actions/actions-setup-python@v4/dist/setup/index.js]
[PlatformIO CI/CD/Verificación de Dependencias PlatformIO ]   🐳  docker exec cmd=[/opt/acttoolcache/node/18.20.5/x64/bin/node /var/run/act/actions/actions-setup-python@v4/dist/setup/index.js] user= workdir=
[PlatformIO CI/CD/Verificación de Dependencias PlatformIO ] [DEBUG] Exec command '[/opt/acttoolcache/node/18.20.5/x64/bin/node /var/run/act/actions/actions-setup-python@v4/dist/setup/index.js]'
[PlatformIO CI/CD/Verificación de Dependencias PlatformIO ] [DEBUG] Working directory '/home/iot/Desktop/TESIS/MQTT/mqtt-dht22'
[PlatformIO CI/CD/Verificación de Dependencias PlatformIO ] [DEBUG]   💬  ::debug::Python is expected to be installed into /opt/hostedtoolcache
[PlatformIO CI/CD/Verificación de Dependencias PlatformIO ]   ❓  ::group::Installed versions
[PlatformIO CI/CD/Verificación de Dependencias PlatformIO ] [DEBUG]   💬  ::debug::Semantic version spec of 3.x is 3.x
[PlatformIO CI/CD/Verificación de Dependencias PlatformIO ] [DEBUG]   💬  ::debug::isExplicit: 
[PlatformIO CI/CD/Verificación de Dependencias PlatformIO ] [DEBUG]   💬  ::debug::explicit? false
[PlatformIO CI/CD/Verificación de Dependencias PlatformIO ] [DEBUG]   💬  ::debug::isExplicit: 3.13.2
[PlatformIO CI/CD/Verificación de Dependencias PlatformIO ] [DEBUG]   💬  ::debug::explicit? true
[PlatformIO CI/CD/Verificación de Dependencias PlatformIO ] [DEBUG]   💬  ::debug::evaluating 1 versions
[PlatformIO CI/CD/Verificación de Dependencias PlatformIO ] [DEBUG]   💬  ::debug::matched: 3.13.2
[PlatformIO CI/CD/Verificación de Dependencias PlatformIO ] [DEBUG]   💬  ::debug::checking cache: /opt/hostedtoolcache/Python/3.13.2/x64
[PlatformIO CI/CD/Verificación de Dependencias PlatformIO ] [DEBUG]   💬  ::debug::Found tool in cache Python 3.13.2 x64
[PlatformIO CI/CD/Verificación de Dependencias PlatformIO ]   | Successfully set up CPython (3.13.2)
[PlatformIO CI/CD/Verificación de Dependencias PlatformIO ]   ❓  ::endgroup::
[PlatformIO CI/CD/Verificación de Dependencias PlatformIO ]   ❓ add-matcher /run/act/actions/actions-setup-python@v4/.github/python.json
[PlatformIO CI/CD/Verificación de Dependencias PlatformIO ]   ✅  Success - Main Configurar Python
[PlatformIO CI/CD/Verificación de Dependencias PlatformIO ]   ⚙  ::set-env:: Python3_ROOT_DIR=/opt/hostedtoolcache/Python/3.13.2/x64
[PlatformIO CI/CD/Verificación de Dependencias PlatformIO ]   ⚙  ::set-env:: LD_LIBRARY_PATH=/opt/hostedtoolcache/Python/3.13.2/x64/lib
[PlatformIO CI/CD/Verificación de Dependencias PlatformIO ]   ⚙  ::set-env:: pythonLocation=/opt/hostedtoolcache/Python/3.13.2/x64
[PlatformIO CI/CD/Verificación de Dependencias PlatformIO ]   ⚙  ::set-env:: PKG_CONFIG_PATH=/opt/hostedtoolcache/Python/3.13.2/x64/lib/pkgconfig
[PlatformIO CI/CD/Verificación de Dependencias PlatformIO ]   ⚙  ::set-env:: Python_ROOT_DIR=/opt/hostedtoolcache/Python/3.13.2/x64
[PlatformIO CI/CD/Verificación de Dependencias PlatformIO ]   ⚙  ::set-env:: Python2_ROOT_DIR=/opt/hostedtoolcache/Python/3.13.2/x64
[PlatformIO CI/CD/Verificación de Dependencias PlatformIO ]   ⚙  ::set-output:: python-version=3.13.2
[PlatformIO CI/CD/Verificación de Dependencias PlatformIO ]   ⚙  ::set-output:: python-path=/opt/hostedtoolcache/Python/3.13.2/x64/bin/python
[PlatformIO CI/CD/Verificación de Dependencias PlatformIO ]   ⚙  ::add-path:: /opt/hostedtoolcache/Python/3.13.2/x64
[PlatformIO CI/CD/Verificación de Dependencias PlatformIO ]   ⚙  ::add-path:: /opt/hostedtoolcache/Python/3.13.2/x64/bin
[PlatformIO CI/CD/Verificación de Dependencias PlatformIO ] [DEBUG] Loading revision from git directory
[PlatformIO CI/CD/Verificación de Dependencias PlatformIO ] [DEBUG] Found revision: cd06d2466a03664b3071264aee8cd763795d4512
[PlatformIO CI/CD/Verificación de Dependencias PlatformIO ] [DEBUG] HEAD points to 'cd06d2466a03664b3071264aee8cd763795d4512'
[PlatformIO CI/CD/Verificación de Dependencias PlatformIO ] [DEBUG] using github ref: refs/heads/ms
[PlatformIO CI/CD/Verificación de Dependencias PlatformIO ] [DEBUG] Found revision: cd06d2466a03664b3071264aee8cd763795d4512
[PlatformIO CI/CD/Verificación de Dependencias PlatformIO ] [DEBUG] Loading revision from git directory
[PlatformIO CI/CD/Verificación de Dependencias PlatformIO ] [DEBUG] Found revision: cd06d2466a03664b3071264aee8cd763795d4512
[PlatformIO CI/CD/Verificación de Dependencias PlatformIO ] [DEBUG] HEAD points to 'cd06d2466a03664b3071264aee8cd763795d4512'
[PlatformIO CI/CD/Verificación de Dependencias PlatformIO ] [DEBUG] using github ref: refs/heads/ms
[PlatformIO CI/CD/Verificación de Dependencias PlatformIO ] [DEBUG] Found revision: cd06d2466a03664b3071264aee8cd763795d4512
[PlatformIO CI/CD/Verificación de Dependencias PlatformIO ] [DEBUG] Loading revision from git directory
[PlatformIO CI/CD/Verificación de Dependencias PlatformIO ] [DEBUG] Found revision: cd06d2466a03664b3071264aee8cd763795d4512
[PlatformIO CI/CD/Verificación de Dependencias PlatformIO ] [DEBUG] HEAD points to 'cd06d2466a03664b3071264aee8cd763795d4512'
[PlatformIO CI/CD/Verificación de Dependencias PlatformIO ] [DEBUG] using github ref: refs/heads/ms
[PlatformIO CI/CD/Verificación de Dependencias PlatformIO ] [DEBUG] Found revision: cd06d2466a03664b3071264aee8cd763795d4512
[PlatformIO CI/CD/Verificación de Dependencias PlatformIO ] [DEBUG] setupEnv => map[ACT:true ACTIONS_CACHE_URL:http://192.168.1.33:46437/ CI:true GITHUB_ACTION:2 GITHUB_ACTIONS:true GITHUB_ACTION_PATH: GITHUB_ACTION_REF: GITHUB_ACTION_REPOSITORY: GITHUB_ACTOR:nektos/act GITHUB_API_URL:https://api.github.com GITHUB_BASE_REF: GITHUB_EVENT_NAME:push GITHUB_EVENT_PATH:/var/run/act/workflow/event.json GITHUB_GRAPHQL_URL:https://api.github.com/graphql GITHUB_HEAD_REF: GITHUB_JOB:check-dependencies GITHUB_REF:refs/heads/ms GITHUB_REF_NAME:ms GITHUB_REF_TYPE:branch GITHUB_REPOSITORY:hub-of-things/mqtt-dht22 GITHUB_REPOSITORY_OWNER:hub-of-things GITHUB_RETENTION_DAYS:0 GITHUB_RUN_ATTEMPT:1 GITHUB_RUN_ID:1 GITHUB_RUN_NUMBER:1 GITHUB_SERVER_URL:https://github.com GITHUB_SHA:cd06d2466a03664b3071264aee8cd763795d4512 GITHUB_WORKFLOW:PlatformIO CI/CD GITHUB_WORKSPACE:/home/iot/Desktop/TESIS/MQTT/mqtt-dht22 ImageOS:ubuntu20 LD_LIBRARY_PATH:/opt/hostedtoolcache/Python/3.13.2/x64/lib PKG_CONFIG_PATH:/opt/hostedtoolcache/Python/3.13.2/x64/lib/pkgconfig Python2_ROOT_DIR:/opt/hostedtoolcache/Python/3.13.2/x64 Python3_ROOT_DIR:/opt/hostedtoolcache/Python/3.13.2/x64 Python_ROOT_DIR:/opt/hostedtoolcache/Python/3.13.2/x64 RUNNER_PERFLOG:/dev/null RUNNER_TRACKING_ID: pythonLocation:/opt/hostedtoolcache/Python/3.13.2/x64]
[PlatformIO CI/CD/Verificación de Dependencias PlatformIO ] [DEBUG] Loading revision from git directory
[PlatformIO CI/CD/Verificación de Dependencias PlatformIO ] [DEBUG] Found revision: cd06d2466a03664b3071264aee8cd763795d4512
[PlatformIO CI/CD/Verificación de Dependencias PlatformIO ] [DEBUG] HEAD points to 'cd06d2466a03664b3071264aee8cd763795d4512'
[PlatformIO CI/CD/Verificación de Dependencias PlatformIO ] [DEBUG] using github ref: refs/heads/ms
[PlatformIO CI/CD/Verificación de Dependencias PlatformIO ] [DEBUG] Found revision: cd06d2466a03664b3071264aee8cd763795d4512
[PlatformIO CI/CD/Verificación de Dependencias PlatformIO ] [DEBUG] Loading revision from git directory
[PlatformIO CI/CD/Verificación de Dependencias PlatformIO ] [DEBUG] Found revision: cd06d2466a03664b3071264aee8cd763795d4512
[PlatformIO CI/CD/Verificación de Dependencias PlatformIO ] [DEBUG] HEAD points to 'cd06d2466a03664b3071264aee8cd763795d4512'
[PlatformIO CI/CD/Verificación de Dependencias PlatformIO ] [DEBUG] using github ref: refs/heads/ms
[PlatformIO CI/CD/Verificación de Dependencias PlatformIO ] [DEBUG] Found revision: cd06d2466a03664b3071264aee8cd763795d4512
[PlatformIO CI/CD/Verificación de Dependencias PlatformIO ] [DEBUG] evaluating expression ''
[PlatformIO CI/CD/Verificación de Dependencias PlatformIO ] [DEBUG] expression '' evaluated to 'true'
[PlatformIO CI/CD/Verificación de Dependencias PlatformIO ] ⭐ Run Main Instalar PlatformIO
[PlatformIO CI/CD/Verificación de Dependencias PlatformIO ] [DEBUG] Writing entry to tarball workflow/outputcmd.txt len:0
[PlatformIO CI/CD/Verificación de Dependencias PlatformIO ] [DEBUG] Writing entry to tarball workflow/statecmd.txt len:0
[PlatformIO CI/CD/Verificación de Dependencias PlatformIO ] [DEBUG] Writing entry to tarball workflow/pathcmd.txt len:0
[PlatformIO CI/CD/Verificación de Dependencias PlatformIO ] [DEBUG] Writing entry to tarball workflow/envs.txt len:0
[PlatformIO CI/CD/Verificación de Dependencias PlatformIO ] [DEBUG] Writing entry to tarball workflow/SUMMARY.md len:0
[PlatformIO CI/CD/Verificación de Dependencias PlatformIO ] [DEBUG] Extracting content to '/var/run/act'
[PlatformIO CI/CD/Verificación de Dependencias PlatformIO ] [DEBUG] Loading revision from git directory
[PlatformIO CI/CD/Verificación de Dependencias PlatformIO ] [DEBUG] Found revision: cd06d2466a03664b3071264aee8cd763795d4512
[PlatformIO CI/CD/Verificación de Dependencias PlatformIO ] [DEBUG] HEAD points to 'cd06d2466a03664b3071264aee8cd763795d4512'
[PlatformIO CI/CD/Verificación de Dependencias PlatformIO ] [DEBUG] using github ref: refs/heads/ms
[PlatformIO CI/CD/Verificación de Dependencias PlatformIO ] [DEBUG] Found revision: cd06d2466a03664b3071264aee8cd763795d4512
[PlatformIO CI/CD/Verificación de Dependencias PlatformIO ] [DEBUG] Loading revision from git directory
[PlatformIO CI/CD/Verificación de Dependencias PlatformIO ] [DEBUG] Found revision: cd06d2466a03664b3071264aee8cd763795d4512
[PlatformIO CI/CD/Verificación de Dependencias PlatformIO ] [DEBUG] HEAD points to 'cd06d2466a03664b3071264aee8cd763795d4512'
[PlatformIO CI/CD/Verificación de Dependencias PlatformIO ] [DEBUG] using github ref: refs/heads/ms
[PlatformIO CI/CD/Verificación de Dependencias PlatformIO ] [DEBUG] Found revision: cd06d2466a03664b3071264aee8cd763795d4512
[PlatformIO CI/CD/Verificación de Dependencias PlatformIO ] [DEBUG] Loading revision from git directory
[PlatformIO CI/CD/Verificación de Dependencias PlatformIO ] [DEBUG] Found revision: cd06d2466a03664b3071264aee8cd763795d4512
[PlatformIO CI/CD/Verificación de Dependencias PlatformIO ] [DEBUG] HEAD points to 'cd06d2466a03664b3071264aee8cd763795d4512'
[PlatformIO CI/CD/Verificación de Dependencias PlatformIO ] [DEBUG] using github ref: refs/heads/ms
[PlatformIO CI/CD/Verificación de Dependencias PlatformIO ] [DEBUG] Found revision: cd06d2466a03664b3071264aee8cd763795d4512
[PlatformIO CI/CD/Verificación de Dependencias PlatformIO ] [DEBUG] Loading revision from git directory
[PlatformIO CI/CD/Verificación de Dependencias PlatformIO ] [DEBUG] Found revision: cd06d2466a03664b3071264aee8cd763795d4512
[PlatformIO CI/CD/Verificación de Dependencias PlatformIO ] [DEBUG] HEAD points to 'cd06d2466a03664b3071264aee8cd763795d4512'
[PlatformIO CI/CD/Verificación de Dependencias PlatformIO ] [DEBUG] using github ref: refs/heads/ms
[PlatformIO CI/CD/Verificación de Dependencias PlatformIO ] [DEBUG] Found revision: cd06d2466a03664b3071264aee8cd763795d4512
[PlatformIO CI/CD/Verificación de Dependencias PlatformIO ] [DEBUG] Wrote command 

pip install platformio

 to 'workflow/2'
[PlatformIO CI/CD/Verificación de Dependencias PlatformIO ] [DEBUG] Writing entry to tarball workflow/2 len:24
[PlatformIO CI/CD/Verificación de Dependencias PlatformIO ] [DEBUG] Extracting content to '/var/run/act'
[PlatformIO CI/CD/Verificación de Dependencias PlatformIO ]   🐳  docker exec cmd=[bash -e /var/run/act/workflow/2] user= workdir=
[PlatformIO CI/CD/Verificación de Dependencias PlatformIO ] [DEBUG] Exec command '[bash -e /var/run/act/workflow/2]'
[PlatformIO CI/CD/Verificación de Dependencias PlatformIO ] [DEBUG] Working directory '/home/iot/Desktop/TESIS/MQTT/mqtt-dht22'
[PlatformIO CI/CD/Verificación de Dependencias PlatformIO ]   | Requirement already satisfied: platformio in /opt/hostedtoolcache/Python/3.13.2/x64/lib/python3.13/site-packages (6.1.16)
[PlatformIO CI/CD/Verificación de Dependencias PlatformIO ]   | Requirement already satisfied: bottle==0.13.* in /opt/hostedtoolcache/Python/3.13.2/x64/lib/python3.13/site-packages (from platformio) (0.13.2)
[PlatformIO CI/CD/Verificación de Dependencias PlatformIO ]   | Requirement already satisfied: click<9,>=8.0.4 in /opt/hostedtoolcache/Python/3.13.2/x64/lib/python3.13/site-packages (from platformio) (8.1.8)
[PlatformIO CI/CD/Verificación de Dependencias PlatformIO ]   | Requirement already satisfied: colorama in /opt/hostedtoolcache/Python/3.13.2/x64/lib/python3.13/site-packages (from platformio) (0.4.6)
[PlatformIO CI/CD/Verificación de Dependencias PlatformIO ]   | Requirement already satisfied: marshmallow==3.* in /opt/hostedtoolcache/Python/3.13.2/x64/lib/python3.13/site-packages (from platformio) (3.26.1)
[PlatformIO CI/CD/Verificación de Dependencias PlatformIO ]   | Requirement already satisfied: pyelftools<1,>=0.27 in /opt/hostedtoolcache/Python/3.13.2/x64/lib/python3.13/site-packages (from platformio) (0.31)
[PlatformIO CI/CD/Verificación de Dependencias PlatformIO ]   | Requirement already satisfied: pyserial==3.5.* in /opt/hostedtoolcache/Python/3.13.2/x64/lib/python3.13/site-packages (from platformio) (3.5)
[PlatformIO CI/CD/Verificación de Dependencias PlatformIO ]   | Requirement already satisfied: requests==2.* in /opt/hostedtoolcache/Python/3.13.2/x64/lib/python3.13/site-packages (from platformio) (2.32.3)
[PlatformIO CI/CD/Verificación de Dependencias PlatformIO ]   | Requirement already satisfied: semantic_version==2.10.* in /opt/hostedtoolcache/Python/3.13.2/x64/lib/python3.13/site-packages (from platformio) (2.10.0)
[PlatformIO CI/CD/Verificación de Dependencias PlatformIO ]   | Requirement already satisfied: tabulate==0.* in /opt/hostedtoolcache/Python/3.13.2/x64/lib/python3.13/site-packages (from platformio) (0.9.0)
[PlatformIO CI/CD/Verificación de Dependencias PlatformIO ]   | Requirement already satisfied: ajsonrpc==1.2.* in /opt/hostedtoolcache/Python/3.13.2/x64/lib/python3.13/site-packages (from platformio) (1.2.0)
[PlatformIO CI/CD/Verificación de Dependencias PlatformIO ]   | Requirement already satisfied: starlette<0.40,>=0.19 in /opt/hostedtoolcache/Python/3.13.2/x64/lib/python3.13/site-packages (from platformio) (0.39.2)
[PlatformIO CI/CD/Verificación de Dependencias PlatformIO ]   | Requirement already satisfied: uvicorn<0.31,>=0.16 in /opt/hostedtoolcache/Python/3.13.2/x64/lib/python3.13/site-packages (from platformio) (0.30.6)
[PlatformIO CI/CD/Verificación de Dependencias PlatformIO ]   | Requirement already satisfied: wsproto==1.* in /opt/hostedtoolcache/Python/3.13.2/x64/lib/python3.13/site-packages (from platformio) (1.2.0)
[PlatformIO CI/CD/Verificación de Dependencias PlatformIO ]   | Requirement already satisfied: packaging>=17.0 in /opt/hostedtoolcache/Python/3.13.2/x64/lib/python3.13/site-packages (from marshmallow==3.*->platformio) (24.2)
[PlatformIO CI/CD/Verificación de Dependencias PlatformIO ]   | Requirement already satisfied: charset-normalizer<4,>=2 in /opt/hostedtoolcache/Python/3.13.2/x64/lib/python3.13/site-packages (from requests==2.*->platformio) (3.4.1)
[PlatformIO CI/CD/Verificación de Dependencias PlatformIO ]   | Requirement already satisfied: idna<4,>=2.5 in /opt/hostedtoolcache/Python/3.13.2/x64/lib/python3.13/site-packages (from requests==2.*->platformio) (3.10)
[PlatformIO CI/CD/Verificación de Dependencias PlatformIO ]   | Requirement already satisfied: urllib3<3,>=1.21.1 in /opt/hostedtoolcache/Python/3.13.2/x64/lib/python3.13/site-packages (from requests==2.*->platformio) (2.3.0)
[PlatformIO CI/CD/Verificación de Dependencias PlatformIO ]   | Requirement already satisfied: certifi>=2017.4.17 in /opt/hostedtoolcache/Python/3.13.2/x64/lib/python3.13/site-packages (from requests==2.*->platformio) (2025.1.31)
[PlatformIO CI/CD/Verificación de Dependencias PlatformIO ]   | Requirement already satisfied: h11<1,>=0.9.0 in /opt/hostedtoolcache/Python/3.13.2/x64/lib/python3.13/site-packages (from wsproto==1.*->platformio) (0.14.0)
[PlatformIO CI/CD/Verificación de Dependencias PlatformIO ]   | Requirement already satisfied: anyio<5,>=3.4.0 in /opt/hostedtoolcache/Python/3.13.2/x64/lib/python3.13/site-packages (from starlette<0.40,>=0.19->platformio) (4.8.0)
[PlatformIO CI/CD/Verificación de Dependencias PlatformIO ]   | Requirement already satisfied: sniffio>=1.1 in /opt/hostedtoolcache/Python/3.13.2/x64/lib/python3.13/site-packages (from anyio<5,>=3.4.0->starlette<0.40,>=0.19->platformio) (1.3.1)
[PlatformIO CI/CD/Verificación de Dependencias PlatformIO ]   | WARNING: Running pip as the 'root' user can result in broken permissions and conflicting behaviour with the system package manager, possibly rendering your system unusable. It is recommended to use a virtual environment instead: https://pip.pypa.io/warnings/venv. Use the --root-user-action option if you know what you are doing and want to suppress this warning.
[PlatformIO CI/CD/Verificación de Dependencias PlatformIO ]   ✅  Success - Main Instalar PlatformIO
[PlatformIO CI/CD/Verificación de Dependencias PlatformIO ] [DEBUG] Loading revision from git directory
[PlatformIO CI/CD/Verificación de Dependencias PlatformIO ] [DEBUG] Found revision: cd06d2466a03664b3071264aee8cd763795d4512
[PlatformIO CI/CD/Verificación de Dependencias PlatformIO ] [DEBUG] HEAD points to 'cd06d2466a03664b3071264aee8cd763795d4512'
[PlatformIO CI/CD/Verificación de Dependencias PlatformIO ] [DEBUG] using github ref: refs/heads/ms
[PlatformIO CI/CD/Verificación de Dependencias PlatformIO ] [DEBUG] Found revision: cd06d2466a03664b3071264aee8cd763795d4512
[PlatformIO CI/CD/Verificación de Dependencias PlatformIO ] [DEBUG] Loading revision from git directory
[PlatformIO CI/CD/Verificación de Dependencias PlatformIO ] [DEBUG] Found revision: cd06d2466a03664b3071264aee8cd763795d4512
[PlatformIO CI/CD/Verificación de Dependencias PlatformIO ] [DEBUG] HEAD points to 'cd06d2466a03664b3071264aee8cd763795d4512'
[PlatformIO CI/CD/Verificación de Dependencias PlatformIO ] [DEBUG] using github ref: refs/heads/ms
[PlatformIO CI/CD/Verificación de Dependencias PlatformIO ] [DEBUG] Found revision: cd06d2466a03664b3071264aee8cd763795d4512
[PlatformIO CI/CD/Verificación de Dependencias PlatformIO ] [DEBUG] Loading revision from git directory
[PlatformIO CI/CD/Verificación de Dependencias PlatformIO ] [DEBUG] Found revision: cd06d2466a03664b3071264aee8cd763795d4512
[PlatformIO CI/CD/Verificación de Dependencias PlatformIO ] [DEBUG] HEAD points to 'cd06d2466a03664b3071264aee8cd763795d4512'
[PlatformIO CI/CD/Verificación de Dependencias PlatformIO ] [DEBUG] using github ref: refs/heads/ms
[PlatformIO CI/CD/Verificación de Dependencias PlatformIO ] [DEBUG] Found revision: cd06d2466a03664b3071264aee8cd763795d4512
[PlatformIO CI/CD/Verificación de Dependencias PlatformIO ] [DEBUG] setupEnv => map[ACT:true ACTIONS_CACHE_URL:http://192.168.1.33:46437/ CI:true GITHUB_ACTION:3 GITHUB_ACTIONS:true GITHUB_ACTION_PATH: GITHUB_ACTION_REF: GITHUB_ACTION_REPOSITORY: GITHUB_ACTOR:nektos/act GITHUB_API_URL:https://api.github.com GITHUB_BASE_REF: GITHUB_EVENT_NAME:push GITHUB_EVENT_PATH:/var/run/act/workflow/event.json GITHUB_GRAPHQL_URL:https://api.github.com/graphql GITHUB_HEAD_REF: GITHUB_JOB:check-dependencies GITHUB_REF:refs/heads/ms GITHUB_REF_NAME:ms GITHUB_REF_TYPE:branch GITHUB_REPOSITORY:hub-of-things/mqtt-dht22 GITHUB_REPOSITORY_OWNER:hub-of-things GITHUB_RETENTION_DAYS:0 GITHUB_RUN_ATTEMPT:1 GITHUB_RUN_ID:1 GITHUB_RUN_NUMBER:1 GITHUB_SERVER_URL:https://github.com GITHUB_SHA:cd06d2466a03664b3071264aee8cd763795d4512 GITHUB_WORKFLOW:PlatformIO CI/CD GITHUB_WORKSPACE:/home/iot/Desktop/TESIS/MQTT/mqtt-dht22 ImageOS:ubuntu20 LD_LIBRARY_PATH:/opt/hostedtoolcache/Python/3.13.2/x64/lib PKG_CONFIG_PATH:/opt/hostedtoolcache/Python/3.13.2/x64/lib/pkgconfig Python2_ROOT_DIR:/opt/hostedtoolcache/Python/3.13.2/x64 Python3_ROOT_DIR:/opt/hostedtoolcache/Python/3.13.2/x64 Python_ROOT_DIR:/opt/hostedtoolcache/Python/3.13.2/x64 RUNNER_PERFLOG:/dev/null RUNNER_TRACKING_ID: pythonLocation:/opt/hostedtoolcache/Python/3.13.2/x64]
[PlatformIO CI/CD/Verificación de Dependencias PlatformIO ] [DEBUG] Loading revision from git directory
[PlatformIO CI/CD/Verificación de Dependencias PlatformIO ] [DEBUG] Found revision: cd06d2466a03664b3071264aee8cd763795d4512
[PlatformIO CI/CD/Verificación de Dependencias PlatformIO ] [DEBUG] HEAD points to 'cd06d2466a03664b3071264aee8cd763795d4512'
[PlatformIO CI/CD/Verificación de Dependencias PlatformIO ] [DEBUG] using github ref: refs/heads/ms
[PlatformIO CI/CD/Verificación de Dependencias PlatformIO ] [DEBUG] Found revision: cd06d2466a03664b3071264aee8cd763795d4512
[PlatformIO CI/CD/Verificación de Dependencias PlatformIO ] [DEBUG] Loading revision from git directory
[PlatformIO CI/CD/Verificación de Dependencias PlatformIO ] [DEBUG] Found revision: cd06d2466a03664b3071264aee8cd763795d4512
[PlatformIO CI/CD/Verificación de Dependencias PlatformIO ] [DEBUG] HEAD points to 'cd06d2466a03664b3071264aee8cd763795d4512'
[PlatformIO CI/CD/Verificación de Dependencias PlatformIO ] [DEBUG] using github ref: refs/heads/ms
[PlatformIO CI/CD/Verificación de Dependencias PlatformIO ] [DEBUG] Found revision: cd06d2466a03664b3071264aee8cd763795d4512
[PlatformIO CI/CD/Verificación de Dependencias PlatformIO ] [DEBUG] evaluating expression ''
[PlatformIO CI/CD/Verificación de Dependencias PlatformIO ] [DEBUG] expression '' evaluated to 'true'
[PlatformIO CI/CD/Verificación de Dependencias PlatformIO ] ⭐ Run Main Comprobar dependencias desactualizadas
[PlatformIO CI/CD/Verificación de Dependencias PlatformIO ] [DEBUG] Writing entry to tarball workflow/outputcmd.txt len:0
[PlatformIO CI/CD/Verificación de Dependencias PlatformIO ] [DEBUG] Writing entry to tarball workflow/statecmd.txt len:0
[PlatformIO CI/CD/Verificación de Dependencias PlatformIO ] [DEBUG] Writing entry to tarball workflow/pathcmd.txt len:0
[PlatformIO CI/CD/Verificación de Dependencias PlatformIO ] [DEBUG] Writing entry to tarball workflow/envs.txt len:0
[PlatformIO CI/CD/Verificación de Dependencias PlatformIO ] [DEBUG] Writing entry to tarball workflow/SUMMARY.md len:0
[PlatformIO CI/CD/Verificación de Dependencias PlatformIO ] [DEBUG] Extracting content to '/var/run/act'
[PlatformIO CI/CD/Verificación de Dependencias PlatformIO ] [DEBUG] Loading revision from git directory
[PlatformIO CI/CD/Verificación de Dependencias PlatformIO ] [DEBUG] Found revision: cd06d2466a03664b3071264aee8cd763795d4512
[PlatformIO CI/CD/Verificación de Dependencias PlatformIO ] [DEBUG] HEAD points to 'cd06d2466a03664b3071264aee8cd763795d4512'
[PlatformIO CI/CD/Verificación de Dependencias PlatformIO ] [DEBUG] using github ref: refs/heads/ms
[PlatformIO CI/CD/Verificación de Dependencias PlatformIO ] [DEBUG] Found revision: cd06d2466a03664b3071264aee8cd763795d4512
[PlatformIO CI/CD/Verificación de Dependencias PlatformIO ] [DEBUG] Loading revision from git directory
[PlatformIO CI/CD/Verificación de Dependencias PlatformIO ] [DEBUG] Found revision: cd06d2466a03664b3071264aee8cd763795d4512
[PlatformIO CI/CD/Verificación de Dependencias PlatformIO ] [DEBUG] HEAD points to 'cd06d2466a03664b3071264aee8cd763795d4512'
[PlatformIO CI/CD/Verificación de Dependencias PlatformIO ] [DEBUG] using github ref: refs/heads/ms
[PlatformIO CI/CD/Verificación de Dependencias PlatformIO ] [DEBUG] Found revision: cd06d2466a03664b3071264aee8cd763795d4512
[PlatformIO CI/CD/Verificación de Dependencias PlatformIO ] [DEBUG] Loading revision from git directory
[PlatformIO CI/CD/Verificación de Dependencias PlatformIO ] [DEBUG] Found revision: cd06d2466a03664b3071264aee8cd763795d4512
[PlatformIO CI/CD/Verificación de Dependencias PlatformIO ] [DEBUG] HEAD points to 'cd06d2466a03664b3071264aee8cd763795d4512'
[PlatformIO CI/CD/Verificación de Dependencias PlatformIO ] [DEBUG] using github ref: refs/heads/ms
[PlatformIO CI/CD/Verificación de Dependencias PlatformIO ] [DEBUG] Found revision: cd06d2466a03664b3071264aee8cd763795d4512
[PlatformIO CI/CD/Verificación de Dependencias PlatformIO ] [DEBUG] Loading revision from git directory
[PlatformIO CI/CD/Verificación de Dependencias PlatformIO ] [DEBUG] Found revision: cd06d2466a03664b3071264aee8cd763795d4512
[PlatformIO CI/CD/Verificación de Dependencias PlatformIO ] [DEBUG] HEAD points to 'cd06d2466a03664b3071264aee8cd763795d4512'
[PlatformIO CI/CD/Verificación de Dependencias PlatformIO ] [DEBUG] using github ref: refs/heads/ms
[PlatformIO CI/CD/Verificación de Dependencias PlatformIO ] [DEBUG] Found revision: cd06d2466a03664b3071264aee8cd763795d4512
[PlatformIO CI/CD/Verificación de Dependencias PlatformIO ] [DEBUG] Wrote command 

pio pkg outdated

 to 'workflow/3'
[PlatformIO CI/CD/Verificación de Dependencias PlatformIO ] [DEBUG] Writing entry to tarball workflow/3 len:18
[PlatformIO CI/CD/Verificación de Dependencias PlatformIO ] [DEBUG] Extracting content to '/var/run/act'
[PlatformIO CI/CD/Verificación de Dependencias PlatformIO ]   🐳  docker exec cmd=[bash -e /var/run/act/workflow/3] user= workdir=
[PlatformIO CI/CD/Verificación de Dependencias PlatformIO ] [DEBUG] Exec command '[bash -e /var/run/act/workflow/3]'
[PlatformIO CI/CD/Verificación de Dependencias PlatformIO ] [DEBUG] Working directory '/home/iot/Desktop/TESIS/MQTT/mqtt-dht22'
[PlatformIO CI/CD/Verificación de Dependencias PlatformIO ]   | ********************************************************************************
[PlatformIO CI/CD/Verificación de Dependencias PlatformIO ]   | If you like PlatformIO, please:
[PlatformIO CI/CD/Verificación de Dependencias PlatformIO ]   | - star it on GitHub > https://github.com/platformio/platformio-core
[PlatformIO CI/CD/Verificación de Dependencias PlatformIO ]   | - follow us on LinkedIn to stay up-to-date on the latest project news > https://www.linkedin.com/company/platformio/
[PlatformIO CI/CD/Verificación de Dependencias PlatformIO ]   | - try PlatformIO IDE for embedded development > https://platformio.org/platformio-ide
[PlatformIO CI/CD/Verificación de Dependencias PlatformIO ]   | ********************************************************************************
[PlatformIO CI/CD/Verificación de Dependencias PlatformIO ]   | 
[PlatformIO CI/CD/Verificación de Dependencias PlatformIO ]   | Checking
[PlatformIO CI/CD/Verificación de Dependencias PlatformIO ]   | Everything is up-to-date!
[PlatformIO CI/CD/Verificación de Dependencias PlatformIO ]   ✅  Success - Main Comprobar dependencias desactualizadas
[PlatformIO CI/CD/Verificación de Dependencias PlatformIO ] [DEBUG] Loading revision from git directory
[PlatformIO CI/CD/Verificación de Dependencias PlatformIO ] [DEBUG] Found revision: cd06d2466a03664b3071264aee8cd763795d4512
[PlatformIO CI/CD/Verificación de Dependencias PlatformIO ] [DEBUG] HEAD points to 'cd06d2466a03664b3071264aee8cd763795d4512'
[PlatformIO CI/CD/Verificación de Dependencias PlatformIO ] [DEBUG] using github ref: refs/heads/ms
[PlatformIO CI/CD/Verificación de Dependencias PlatformIO ] [DEBUG] Found revision: cd06d2466a03664b3071264aee8cd763795d4512
[PlatformIO CI/CD/Verificación de Dependencias PlatformIO ] [DEBUG] Loading revision from git directory
[PlatformIO CI/CD/Verificación de Dependencias PlatformIO ] [DEBUG] Found revision: cd06d2466a03664b3071264aee8cd763795d4512
[PlatformIO CI/CD/Verificación de Dependencias PlatformIO ] [DEBUG] HEAD points to 'cd06d2466a03664b3071264aee8cd763795d4512'
[PlatformIO CI/CD/Verificación de Dependencias PlatformIO ] [DEBUG] using github ref: refs/heads/ms
[PlatformIO CI/CD/Verificación de Dependencias PlatformIO ] [DEBUG] Found revision: cd06d2466a03664b3071264aee8cd763795d4512
[PlatformIO CI/CD/Verificación de Dependencias PlatformIO ] [DEBUG] Loading revision from git directory
[PlatformIO CI/CD/Verificación de Dependencias PlatformIO ] [DEBUG] Found revision: cd06d2466a03664b3071264aee8cd763795d4512
[PlatformIO CI/CD/Verificación de Dependencias PlatformIO ] [DEBUG] HEAD points to 'cd06d2466a03664b3071264aee8cd763795d4512'
[PlatformIO CI/CD/Verificación de Dependencias PlatformIO ] [DEBUG] using github ref: refs/heads/ms
[PlatformIO CI/CD/Verificación de Dependencias PlatformIO ] [DEBUG] Found revision: cd06d2466a03664b3071264aee8cd763795d4512
[PlatformIO CI/CD/Verificación de Dependencias PlatformIO ] [DEBUG] setupEnv => map[ACT:true ACTIONS_CACHE_URL:http://192.168.1.33:46437/ CI:true GITHUB_ACTION:1 GITHUB_ACTIONS:true GITHUB_ACTION_PATH: GITHUB_ACTION_REF:v4 GITHUB_ACTION_REPOSITORY:actions/setup-python GITHUB_ACTOR:nektos/act GITHUB_API_URL:https://api.github.com GITHUB_BASE_REF: GITHUB_ENV:/var/run/act/workflow/envs.txt GITHUB_EVENT_NAME:push GITHUB_EVENT_PATH:/var/run/act/workflow/event.json GITHUB_GRAPHQL_URL:https://api.github.com/graphql GITHUB_HEAD_REF: GITHUB_JOB:check-dependencies GITHUB_OUTPUT:/var/run/act/workflow/outputcmd.txt GITHUB_PATH:/var/run/act/workflow/pathcmd.txt GITHUB_REF:refs/heads/ms GITHUB_REF_NAME:ms GITHUB_REF_TYPE:branch GITHUB_REPOSITORY:hub-of-things/mqtt-dht22 GITHUB_REPOSITORY_OWNER:hub-of-things GITHUB_RETENTION_DAYS:0 GITHUB_RUN_ATTEMPT:1 GITHUB_RUN_ID:1 GITHUB_RUN_NUMBER:1 GITHUB_SERVER_URL:https://github.com GITHUB_SHA:cd06d2466a03664b3071264aee8cd763795d4512 GITHUB_STATE:/var/run/act/workflow/statecmd.txt GITHUB_STEP_SUMMARY:/var/run/act/workflow/SUMMARY.md GITHUB_WORKFLOW:PlatformIO CI/CD GITHUB_WORKSPACE:/home/iot/Desktop/TESIS/MQTT/mqtt-dht22 INPUT_ARCHITECTURE:x64 INPUT_PYTHON-VERSION:3.x ImageOS:ubuntu20 LD_LIBRARY_PATH:/opt/hostedtoolcache/Python/3.13.2/x64/lib PKG_CONFIG_PATH:/opt/hostedtoolcache/Python/3.13.2/x64/lib/pkgconfig Python2_ROOT_DIR:/opt/hostedtoolcache/Python/3.13.2/x64 Python3_ROOT_DIR:/opt/hostedtoolcache/Python/3.13.2/x64 Python_ROOT_DIR:/opt/hostedtoolcache/Python/3.13.2/x64 RUNNER_PERFLOG:/dev/null RUNNER_TRACKING_ID: pythonLocation:/opt/hostedtoolcache/Python/3.13.2/x64]
[PlatformIO CI/CD/Verificación de Dependencias PlatformIO ] [DEBUG] Loading revision from git directory
[PlatformIO CI/CD/Verificación de Dependencias PlatformIO ] [DEBUG] Found revision: cd06d2466a03664b3071264aee8cd763795d4512
[PlatformIO CI/CD/Verificación de Dependencias PlatformIO ] [DEBUG] HEAD points to 'cd06d2466a03664b3071264aee8cd763795d4512'
[PlatformIO CI/CD/Verificación de Dependencias PlatformIO ] [DEBUG] using github ref: refs/heads/ms
[PlatformIO CI/CD/Verificación de Dependencias PlatformIO ] [DEBUG] Found revision: cd06d2466a03664b3071264aee8cd763795d4512
[PlatformIO CI/CD/Verificación de Dependencias PlatformIO ] [DEBUG] Loading revision from git directory
[PlatformIO CI/CD/Verificación de Dependencias PlatformIO ] [DEBUG] Found revision: cd06d2466a03664b3071264aee8cd763795d4512
[PlatformIO CI/CD/Verificación de Dependencias PlatformIO ] [DEBUG] HEAD points to 'cd06d2466a03664b3071264aee8cd763795d4512'
[PlatformIO CI/CD/Verificación de Dependencias PlatformIO ] [DEBUG] using github ref: refs/heads/ms
[PlatformIO CI/CD/Verificación de Dependencias PlatformIO ] [DEBUG] Found revision: cd06d2466a03664b3071264aee8cd763795d4512
[PlatformIO CI/CD/Verificación de Dependencias PlatformIO ] [DEBUG] evaluating expression 'success()'
[PlatformIO CI/CD/Verificación de Dependencias PlatformIO ] [DEBUG] expression 'success()' evaluated to 'true'
[PlatformIO CI/CD/Verificación de Dependencias PlatformIO ] ⭐ Run Post Configurar Python
[PlatformIO CI/CD/Verificación de Dependencias PlatformIO ] [DEBUG] Writing entry to tarball workflow/outputcmd.txt len:0
[PlatformIO CI/CD/Verificación de Dependencias PlatformIO ] [DEBUG] Writing entry to tarball workflow/statecmd.txt len:0
[PlatformIO CI/CD/Verificación de Dependencias PlatformIO ] [DEBUG] Writing entry to tarball workflow/pathcmd.txt len:0
[PlatformIO CI/CD/Verificación de Dependencias PlatformIO ] [DEBUG] Writing entry to tarball workflow/envs.txt len:0
[PlatformIO CI/CD/Verificación de Dependencias PlatformIO ] [DEBUG] Writing entry to tarball workflow/SUMMARY.md len:0
[PlatformIO CI/CD/Verificación de Dependencias PlatformIO ] [DEBUG] Extracting content to '/var/run/act'
[PlatformIO CI/CD/Verificación de Dependencias PlatformIO ] [DEBUG] run post step for 'Configurar Python'
[PlatformIO CI/CD/Verificación de Dependencias PlatformIO ] [DEBUG] Loading revision from git directory
[PlatformIO CI/CD/Verificación de Dependencias PlatformIO ] [DEBUG] Found revision: cd06d2466a03664b3071264aee8cd763795d4512
[PlatformIO CI/CD/Verificación de Dependencias PlatformIO ] [DEBUG] HEAD points to 'cd06d2466a03664b3071264aee8cd763795d4512'
[PlatformIO CI/CD/Verificación de Dependencias PlatformIO ] [DEBUG] using github ref: refs/heads/ms
[PlatformIO CI/CD/Verificación de Dependencias PlatformIO ] [DEBUG] Found revision: cd06d2466a03664b3071264aee8cd763795d4512
[PlatformIO CI/CD/Verificación de Dependencias PlatformIO ] [DEBUG] expression '${{ github.server_url == 'https://github.com' && github.token || '' }}' rewritten to 'format('{0}', github.server_url == 'https://github.com' && github.token || '')'
[PlatformIO CI/CD/Verificación de Dependencias PlatformIO ] [DEBUG] evaluating expression 'format('{0}', github.server_url == 'https://github.com' && github.token || '')'
[PlatformIO CI/CD/Verificación de Dependencias PlatformIO ] [DEBUG] expression 'format('{0}', github.server_url == 'https://github.com' && github.token || '')' evaluated to '%!t(string=)'
[PlatformIO CI/CD/Verificación de Dependencias PlatformIO ] [DEBUG] executing remote job container: [/opt/acttoolcache/node/18.20.5/x64/bin/node /var/run/act/actions/actions-setup-python@v4/dist/cache-save/index.js]
[PlatformIO CI/CD/Verificación de Dependencias PlatformIO ]   🐳  docker exec cmd=[/opt/acttoolcache/node/18.20.5/x64/bin/node /var/run/act/actions/actions-setup-python@v4/dist/cache-save/index.js] user= workdir=
[PlatformIO CI/CD/Verificación de Dependencias PlatformIO ] [DEBUG] Exec command '[/opt/acttoolcache/node/18.20.5/x64/bin/node /var/run/act/actions/actions-setup-python@v4/dist/cache-save/index.js]'
[PlatformIO CI/CD/Verificación de Dependencias PlatformIO ] [DEBUG] Working directory '/home/iot/Desktop/TESIS/MQTT/mqtt-dht22'
[PlatformIO CI/CD/Verificación de Dependencias PlatformIO ]   ✅  Success - Post Configurar Python
[PlatformIO CI/CD/Verificación de Dependencias PlatformIO ] [DEBUG] skipping post step for 'Clonar repositorio': no action model available
[PlatformIO CI/CD/Verificación de Dependencias PlatformIO ] ⭐ Run Complete job
[PlatformIO CI/CD/Verificación de Dependencias PlatformIO ] Cleaning up container for job Verificación de Dependencias PlatformIO
[PlatformIO CI/CD/Verificación de Dependencias PlatformIO ] [DEBUG] Removed container: d8da805a9680de4f63e8fff3d9f14b99069d78d9c66030aa4b941ce7046b9b6f
[PlatformIO CI/CD/Verificación de Dependencias PlatformIO ] [DEBUG]   🐳  docker volume rm act-PlatformIO-CI-CD-Verificaci-n-de-Dependencias-PlatformIO-c636357ae8d9d740aaedd80032cdc7f9353e00a00ba818d0ffd5e0aac7c4dd17
[PlatformIO CI/CD/Verificación de Dependencias PlatformIO ] [DEBUG]   🐳  docker volume rm act-PlatformIO-CI-CD-Verificaci-n-de-Dependencias-PlatformIO-c636357ae8d9d740aaedd80032cdc7f9353e00a00ba818d0ffd5e0aac7c4dd17-env
[PlatformIO CI/CD/Verificación de Dependencias PlatformIO ] [DEBUG] Loading revision from git directory
[PlatformIO CI/CD/Verificación de Dependencias PlatformIO ] [DEBUG] Found revision: cd06d2466a03664b3071264aee8cd763795d4512
[PlatformIO CI/CD/Verificación de Dependencias PlatformIO ] [DEBUG] HEAD points to 'cd06d2466a03664b3071264aee8cd763795d4512'
[PlatformIO CI/CD/Verificación de Dependencias PlatformIO ] [DEBUG] using github ref: refs/heads/ms
[PlatformIO CI/CD/Verificación de Dependencias PlatformIO ] [DEBUG] Found revision: cd06d2466a03664b3071264aee8cd763795d4512
[PlatformIO CI/CD/Verificación de Dependencias PlatformIO ]   ✅  Success - Complete job
[PlatformIO CI/CD/Verificación de Dependencias PlatformIO ] 🏁  Job succeeded
